[32minfo[39m: Server running on http://localhost:5000 {"service":"lab-results-api","timestamp":"2025-07-27T16:50:31.721Z"}
[32minfo[39m: Environment: development {"service":"lab-results-api","timestamp":"2025-07-27T16:50:31.723Z"}
[32minfo[39m: User management system initialized with default users: {"service":"lab-results-api","timestamp":"2025-07-27T16:50:31.723Z"}
[32minfo[39m:   Admin: admin@laborresults.de / admin123 {"service":"lab-results-api","timestamp":"2025-07-27T16:50:31.723Z"}
[32minfo[39m:   Doctor: doctor@laborresults.de / doctor123 {"service":"lab-results-api","timestamp":"2025-07-27T16:50:31.723Z"}
[32minfo[39m:   Lab Tech: lab@laborresults.de / lab123 {"service":"lab-results-api","timestamp":"2025-07-27T16:50:31.723Z"}
[32minfo[39m: GET /api/health - 200 - 3ms - User: anonymous {"service":"lab-results-api","timestamp":"2025-07-27T16:50:39.574Z"}
[32minfo[39m: Successful login for user: admin@laborresults.de (admin) {"service":"lab-results-api","timestamp":"2025-07-27T16:50:45.561Z"}
[32minfo[39m: POST /api/auth/login - 200 - 192ms - User: anonymous {"service":"lab-results-api","timestamp":"2025-07-27T16:50:45.562Z"}
[32minfo[39m: Successful login for user: doctor@laborresults.de (doctor) {"service":"lab-results-api","timestamp":"2025-07-27T16:50:52.225Z"}
[32minfo[39m: POST /api/auth/login - 200 - 192ms - User: anonymous {"service":"lab-results-api","timestamp":"2025-07-27T16:50:52.226Z"}
[32minfo[39m: Fetching results for user: doctor@laborresults.de (doctor) {"service":"lab-results-api","timestamp":"2025-07-27T16:51:05.961Z"}
[32minfo[39m: GET /api/results - 200 - 3ms - User: doctor@laborresults.de {"service":"lab-results-api","timestamp":"2025-07-27T16:51:05.962Z"}
[32minfo[39m: GET /api/results - 200 - 3ms - User: admin@laborresults.de {"service":"lab-results-api","timestamp":"2025-07-27T16:51:23.083Z"}
[32minfo[39m: Successful login for user: admin@laborresults.de (admin) {"service":"lab-results-api","timestamp":"2025-07-27T16:51:30.597Z"}
[32minfo[39m: POST /api/auth/login - 200 - 192ms - User: anonymous {"service":"lab-results-api","timestamp":"2025-07-27T16:51:30.598Z"}
[32minfo[39m: GET /api/results - 200 - 1ms - User: admin@laborresults.de {"service":"lab-results-api","timestamp":"2025-07-27T16:51:30.608Z"}
[32minfo[39m: GET /api/results - 200 - 1ms - User: admin@laborresults.de {"service":"lab-results-api","timestamp":"2025-07-27T16:51:36.413Z"}
[32minfo[39m: SIGTERM received, shutting down gracefully {"service":"lab-results-api","timestamp":"2025-07-27T16:51:49.143Z"}
[32minfo[39m: Server running on http://localhost:5000 {"service":"lab-results-api","timestamp":"2025-07-27T16:51:55.177Z"}
[32minfo[39m: Environment: development {"service":"lab-results-api","timestamp":"2025-07-27T16:51:55.178Z"}
[32minfo[39m: User management system initialized with default users: {"service":"lab-results-api","timestamp":"2025-07-27T16:51:55.178Z"}
[32minfo[39m:   Admin: admin@laborresults.de / admin123 {"service":"lab-results-api","timestamp":"2025-07-27T16:51:55.179Z"}
[32minfo[39m:   Doctor: doctor@laborresults.de / doctor123 {"service":"lab-results-api","timestamp":"2025-07-27T16:51:55.179Z"}
[32minfo[39m:   Lab Tech: lab@laborresults.de / lab123 {"service":"lab-results-api","timestamp":"2025-07-27T16:51:55.179Z"}
[32minfo[39m: Successful login for user: admin@laborresults.de (admin) {"service":"lab-results-api","timestamp":"2025-07-27T16:52:04.729Z"}
[32minfo[39m: POST /api/auth/login - 200 - 196ms - User: anonymous {"service":"lab-results-api","timestamp":"2025-07-27T16:52:04.732Z"}
[32minfo[39m: Fetching results for user: admin@laborresults.de (admin) {"service":"lab-results-api","timestamp":"2025-07-27T16:52:04.741Z"}
[32minfo[39m: GET /api/results - 200 - 3ms - User: admin@laborresults.de {"service":"lab-results-api","timestamp":"2025-07-27T16:52:04.742Z"}
[32minfo[39m: GET /api/users - 200 - 2ms - User: admin@laborresults.de {"service":"lab-results-api","timestamp":"2025-07-27T16:52:11.035Z"}
[32minfo[39m: Server running on http://localhost:5000 {"service":"lab-results-api","timestamp":"2025-07-27T22:09:34.538Z"}
[32minfo[39m: Environment: development {"service":"lab-results-api","timestamp":"2025-07-27T22:09:34.539Z"}
[32minfo[39m: User management system initialized with default users: {"service":"lab-results-api","timestamp":"2025-07-27T22:09:34.540Z"}
[32minfo[39m:   Admin: admin@laborresults.de / admin123 {"service":"lab-results-api","timestamp":"2025-07-27T22:09:34.540Z"}
[32minfo[39m:   Doctor: doctor@laborresults.de / doctor123 {"service":"lab-results-api","timestamp":"2025-07-27T22:09:34.540Z"}
[32minfo[39m:   Lab Tech: lab@laborresults.de / lab123 {"service":"lab-results-api","timestamp":"2025-07-27T22:09:34.540Z"}
[32minfo[39m: GET /api/health - 200 - 3ms - User: anonymous {"service":"lab-results-api","timestamp":"2025-07-27T22:09:41.841Z"}
[33mwarn[39m: Failed login attempt: admin@laborresults.de - JWT_SECRET environment variable is required {"service":"lab-results-api","timestamp":"2025-07-27T22:09:51.157Z"}
[32minfo[39m: POST /api/auth/login - 401 - 250ms - User: anonymous {"service":"lab-results-api","timestamp":"2025-07-27T22:09:51.158Z"}
[32minfo[39m: SIGTERM received, shutting down gracefully {"service":"lab-results-api","timestamp":"2025-07-27T22:10:07.173Z"}
[32minfo[39m: Server running on http://localhost:5000 {"service":"lab-results-api","timestamp":"2025-07-27T22:10:13.109Z"}
[32minfo[39m: Environment: development {"service":"lab-results-api","timestamp":"2025-07-27T22:10:13.110Z"}
[32minfo[39m: User management system initialized with default users: {"service":"lab-results-api","timestamp":"2025-07-27T22:10:13.110Z"}
[32minfo[39m:   Admin: admin@laborresults.de / admin123 {"service":"lab-results-api","timestamp":"2025-07-27T22:10:13.111Z"}
[32minfo[39m:   Doctor: doctor@laborresults.de / doctor123 {"service":"lab-results-api","timestamp":"2025-07-27T22:10:13.114Z"}
[32minfo[39m:   Lab Tech: lab@laborresults.de / lab123 {"service":"lab-results-api","timestamp":"2025-07-27T22:10:13.114Z"}
[32minfo[39m: Successful login for user: admin@laborresults.de (admin) {"service":"lab-results-api","timestamp":"2025-07-27T22:10:21.212Z"}
[32minfo[39m: POST /api/auth/login - 200 - 307ms - User: anonymous {"service":"lab-results-api","timestamp":"2025-07-27T22:10:21.216Z"}
